<?xml version="1.0" encoding="UTF-8"?>
<testsuite xmlns:xsi="http://www.w3.org/2001/XMLSchema-instance" xsi:noNamespaceSchemaLocation="https://maven.apache.org/surefire/maven-surefire-plugin/xsd/surefire-test-report-3.0.xsd" version="3.0" name="sg.edu.nus.iss.cicddemo.DataControllerTest" time="0.46" tests="4" errors="0" skipped="0" failures="0">
  <properties>
[...]
</properties>
  <testcase name="currenciesLength" classname="sg.edu.nus.iss.cicddemo.DataControllerTest" time="0.299">
    <system-out><![CDATA[2024-01-24T21:27:27.312+08:00  INFO 20784 --- [           main] t.c.s.AnnotationConfigContextLoaderUtils : Could not detect default configuration classes for test class [sg.edu.nus.iss.cicddemo.DataControllerTest]: DataControllerTest does not declare any static, non-private, non-final, nested classes annotated with @Configuration.
2024-01-24T21:27:27.314+08:00  INFO 20784 --- [           main] .b.t.c.SpringBootTestContextBootstrapper : Found @SpringBootConfiguration sg.edu.nus.iss.cicddemo.CicdDemoApplication for test class sg.edu.nus.iss.cicddemo.DataControllerTest
]]></system-out>
  </testcase>
  <testcase name="health" classname="sg.edu.nus.iss.cicddemo.DataControllerTest" time="0.002"/>
  <testcase name="version" classname="sg.edu.nus.iss.cicddemo.DataControllerTest" time="0.002"/>
  <testcase name="nationsLength" classname="sg.edu.nus.iss.cicddemo.DataControllerTest" time="0.132"/>
</testsuite>